INFO:root:Cannot initialise IMU Sensor now trying to reconfig
INFO:root:IMU RECONFIG HAS FAILED 'int' object has no attribute 'BNO055'
INFO:root:BRICKPIINTERFACE: Starting thermal sensor thread
INFO:root:COLOUR: get_sensor error: Invalid sensor data
INFO:root:BRICKPIINTERFACE: Exiting the Thermal Sensor Thread
INFO:root:Exiting
INFO:root:Cannot initialise IMU Sensor now trying to reconfig
INFO:root:IMU RECONFIG HAS FAILED 'int' object has no attribute 'BNO055'
INFO:root:BRICKPIINTERFACE: Starting thermal sensor thread
INFO:root:COLOUR: get_sensor error: Invalid sensor data
INFO:root:BRICKPIINTERFACE: Exiting the Thermal Sensor Thread
INFO:root:Exiting
INFO:root:BRICKPIINTERFACE: Starting thermal sensor thread
INFO:root:COLOUR: get_sensor error: Invalid sensor data
INFO:root:BRICKPIINTERFACE: Exiting the Thermal Sensor Thread
INFO:root:Exiting
INFO:root:BRICKPIINTERFACE: Starting thermal sensor thread
INFO:root:COLOUR: get_sensor error: Invalid sensor data
INFO:root:BRICKPIINTERFACE: Exiting the Thermal Sensor Thread
INFO:root:Exiting
INFO:root:BRICKPIINTERFACE: Starting thermal sensor thread
INFO:root:COLOUR: get_sensor error: Invalid sensor data
INFO:root:BRICKPIINTERFACE: Exiting the Thermal Sensor Thread
INFO:root:Exiting
INFO:root:BRICKPIINTERFACE: Starting thermal sensor thread
INFO:root:COLOUR: get_sensor error: Invalid sensor data
INFO:root:BRICKPIINTERFACE: Exiting the Thermal Sensor Thread
INFO:root:Exiting
INFO:root:BRICKPIINTERFACE: Starting thermal sensor thread
INFO:root:COLOUR: get_sensor error: Invalid sensor data
INFO:root:BRICKPIINTERFACE: Exiting the Thermal Sensor Thread
INFO:root:Exiting
INFO:root:BRICKPIINTERFACE: Starting thermal sensor thread
INFO:root:COLOUR: get_sensor error: Invalid sensor data
INFO:root:BRICKPIINTERFACE: Exiting the Thermal Sensor Thread
INFO:root:Exiting
INFO:root:BRICKPIINTERFACE: Starting thermal sensor thread
INFO:root:COLOUR: get_sensor error: Invalid sensor data
INFO:root:BRICKPIINTERFACE: Exiting the Thermal Sensor Thread
INFO:root:Exiting
INFO:root:BRICKPIINTERFACE: Starting thermal sensor thread
INFO:root:COLOUR: get_sensor error: Invalid sensor data
INFO:root:BRICKPIINTERFACE: Exiting the Thermal Sensor Thread
INFO:root:Exiting
INFO:root:BRICKPIINTERFACE: Starting thermal sensor thread
INFO:root:COLOUR: get_sensor error: Invalid sensor data
INFO:root:BRICKPIINTERFACE: Exiting the Thermal Sensor Thread
INFO:root:Exiting
INFO:root:BRICKPIINTERFACE: Starting thermal sensor thread
INFO:root:COLOUR: get_sensor error: Invalid sensor data
INFO:root:BRICKPIINTERFACE: Exiting the Thermal Sensor Thread
INFO:root:Exiting
INFO:root:BRICKPIINTERFACE: Starting thermal sensor thread
INFO:root:-0.001959174871444702
INFO:root:-0.003920882940292358
INFO:root:0.0009170025587081909
INFO:root:0.007617861032485962
INFO:root:0.05765661597251892
INFO:root:0.25482848286628723
INFO:root:0.6199857890605927
INFO:root:1.2503912597894669
INFO:root:2.050082564353943
INFO:root:2.841631054878235
INFO:root:4.134410500526428
INFO:root:5.578118443489075
INFO:root:6.709018230438232
INFO:root:7.567350506782532
INFO:root:8.42448502779007
INFO:root:9.406291007995605
INFO:root:10.184335470199585
INFO:root:10.81199336051941
INFO:root:11.86664867401123
INFO:root:12.902732372283936
INFO:root:13.80162239074707
INFO:root:15.027074739336967
INFO:root:16.280599176883698
INFO:root:17.426509857177734
INFO:root:18.767366409301758
INFO:root:19.787650421261787
INFO:root:20.70990242063999
INFO:root:21.87686587870121
INFO:root:23.03710614144802
INFO:root:24.137656673789024
INFO:root:25.230541810393333
INFO:root:26.201218754053116
INFO:root:27.10313129425049
INFO:root:28.15017682313919
INFO:root:29.15207178890705
INFO:root:30.16663582623005
INFO:root:31.478973120450974
INFO:root:32.40915796160698
INFO:root:33.40911230444908
INFO:root:34.65015655755997
INFO:root:36.080783665180206
INFO:root:37.252197325229645
INFO:root:37.901795104146004
INFO:root:38.81856583058834
INFO:root:39.9483283162117
INFO:root:41.12417224049568
INFO:root:42.02405336499214
INFO:root:43.28655180335045
INFO:root:44.65535065531731
INFO:root:45.968641236424446
INFO:root:47.2424369007349
INFO:root:47.904639050364494
INFO:root:48.92527522146702
INFO:root:50.09052129089832
INFO:root:51.20265652239323
INFO:root:52.31906683743
INFO:root:53.45329235494137
INFO:root:54.63193790614605
INFO:root:55.90323758125305
INFO:root:57.05431488156319
INFO:root:58.17636612057686
INFO:root:59.36754600703716
INFO:root:60.42131891846657
INFO:root:61.53175397217274
INFO:root:62.546203568577766
INFO:root:63.423892602324486
INFO:root:64.49566279351711
INFO:root:65.79730527102947
INFO:root:66.52830880880356
INFO:root:67.89478269219398
INFO:root:69.49426648020744
INFO:root:70.55778846144676
INFO:root:71.61955180764198
INFO:root:73.05737945437431
INFO:root:74.17897401750088
INFO:root:75.21772569417953
INFO:root:76.82373134791851
INFO:root:77.31664317846298
INFO:root:78.07234126329422
INFO:root:79.29190489649773
INFO:root:80.35827311873436
INFO:root:81.57021287083626
INFO:root:82.90371510386467
INFO:root:84.10189318656921
INFO:root:85.38569232821465
INFO:root:86.65145455300808
INFO:root:87.81174783408642
INFO:root:88.82160918414593
INFO:root:90.03932939469814
INFO:root:91.14484743773937
INFO:root:92.45990866422653
INFO:root:93.81493394076824
INFO:root:94.53214509785175
INFO:root:95.94265860319138
INFO:root:97.47315362095833
INFO:root:98.83270417153835
INFO:root:100.07749323546886
INFO:root:100.84987311065197
INFO:root:102.11131037771702
INFO:root:103.51936231553555
INFO:root:104.7924092411995
INFO:root:105.5336645245552
INFO:root:106.48342069983482
INFO:root:107.61148872971535
INFO:root:108.32839207351208
INFO:root:109.18342852592468
INFO:root:110.18011325597763
INFO:root:111.22984756529331
INFO:root:112.25039352476597
INFO:root:113.22504509985447
INFO:root:114.16762246191502
INFO:root:115.06669744849205
INFO:root:116.07464455068111
INFO:root:117.21842513978481
INFO:root:118.28610347211361
INFO:root:119.13994859158993
INFO:root:120.03466294705868
INFO:root:121.01219825446606
INFO:root:121.96245877444744
INFO:root:122.95569448173046
INFO:root:123.91376353800297
INFO:root:124.91873015463352
INFO:root:126.40640200674534
INFO:root:127.66392686963081
INFO:root:128.66516460478306
INFO:root:129.44807003438473
INFO:root:130.39625899493694
INFO:root:131.39250625669956
INFO:root:132.39717423915863
INFO:root:133.44378647208214
INFO:root:134.5021127462387
INFO:root:135.66193725168705
INFO:root:136.46032287180424
INFO:root:137.16133300960064
INFO:root:138.19096492230892
INFO:root:139.20073349773884
INFO:root:140.149757117033
INFO:root:141.0364455729723
INFO:root:142.04112811386585
INFO:root:143.1036997884512
INFO:root:143.98274005949497
INFO:root:144.7397548109293
INFO:root:145.5795373171568
INFO:root:146.42054753005505
INFO:root:147.2481704801321
INFO:root:148.14418724179268
INFO:root:148.91993063688278
INFO:root:149.88257095217705
INFO:root:151.2632791697979
INFO:root:152.18031534552574
INFO:root:152.9878590106964
INFO:root:153.9103451371193
INFO:root:154.85524056851864
INFO:root:155.8209597915411
INFO:root:156.81719498336315
INFO:root:158.0752964168787
INFO:root:159.1544377654791
INFO:root:159.92974735796452
INFO:root:160.64884923398495
INFO:root:161.85264073312283
INFO:root:163.30452375113964
INFO:root:164.67847041785717
INFO:root:165.83430321514606
INFO:root:166.78302624821663
INFO:root:168.23737187683582
INFO:root:169.41830177605152
INFO:root:169.6867415457964
INFO:root:170.29097904264927
INFO:root:172.07799784839153
INFO:root:172.78870858252048
INFO:root:173.75045637786388
INFO:root:175.1479444950819
INFO:root:176.24256758391857
INFO:root:177.4997547119856
INFO:root:178.79357187449932
INFO:root:180.16093738377094
INFO:root:181.26536332070827
INFO:root:182.4188327640295
INFO:root:183.70788811147213
INFO:root:184.6194870620966
INFO:root:185.68184985220432
INFO:root:186.957659304142
INFO:root:188.465275272727
INFO:root:189.8446141332388
INFO:root:190.78884544968605
INFO:root:191.97405341267586
INFO:root:193.83696377277374
INFO:root:194.65908059477806
INFO:root:195.74235962331295
INFO:root:196.9459460824728
INFO:root:198.146898701787
INFO:root:199.2269438058138
INFO:root:200.4418179690838
INFO:root:201.576006680727
INFO:root:202.71523159742355
INFO:root:203.95052893459797
INFO:root:205.12027095258236
INFO:root:206.280628323555
INFO:root:207.53068524599075
INFO:root:208.65764531493187
INFO:root:209.83662390708923
INFO:root:210.94846066832542
INFO:root:212.23251736164093
INFO:root:213.31164367496967
INFO:root:214.40805561840534
INFO:root:215.57768918573856
INFO:root:216.64234115183353
INFO:root:217.94639612734318
INFO:root:219.43063689768314
INFO:root:220.5423612743616
INFO:root:221.50273226201534
INFO:root:222.7629968225956
INFO:root:224.08614322543144
INFO:root:225.88202941417694
INFO:root:227.21658584475517
INFO:root:228.27504360675812
INFO:root:229.1311395317316
INFO:root:230.191017344594
INFO:root:231.4218791872263
INFO:root:232.6795880049467
INFO:root:234.01321883499622
INFO:root:235.26265048980713
INFO:root:236.57781410217285
INFO:root:237.9271560460329
INFO:root:239.11474041640759
INFO:root:240.1828443557024
INFO:root:241.198616579175
INFO:root:242.32044580578804
INFO:root:243.304850846529
INFO:root:244.41264393925667
INFO:root:245.7742681801319
INFO:root:247.1171734035015
INFO:root:248.37437638640404
INFO:root:249.58438926935196
INFO:root:251.0211646258831
INFO:root:252.33158269524574
INFO:root:253.3853670656681
INFO:root:255.02185109257698
INFO:root:256.1360760331154
INFO:root:257.13817688822746
INFO:root:258.16926631331444
INFO:root:259.21187674999237
INFO:root:260.2576574385166
INFO:root:261.53500470519066
INFO:root:262.93832832574844
INFO:root:264.28745555877686
INFO:root:265.4418424218893
INFO:root:266.3887332826853
INFO:root:267.44665202498436
INFO:root:268.5972286313772
INFO:root:269.6561742424965
INFO:root:270.62916135787964
INFO:root:271.65601278841496
INFO:root:272.7893328219652
INFO:root:274.48736022412777
INFO:root:275.8441932052374
INFO:root:276.4050554782152
INFO:root:277.8312975913286
INFO:root:279.1772551983595
INFO:root:280.0362268537283
INFO:root:280.96415899693966
INFO:root:281.9437462538481
INFO:root:283.3009564727545
INFO:root:284.541831985116
INFO:root:285.7780404537916
INFO:root:286.88468323647976
INFO:root:288.0430036634207
INFO:root:289.1486679762602
INFO:root:290.16900227963924
INFO:root:291.2551261782646
INFO:root:292.43649619817734
INFO:root:293.62808978557587
INFO:root:294.787779211998
INFO:root:295.8956370353699
INFO:root:296.98335736989975
INFO:root:298.0864158272743
INFO:root:299.25953321158886
INFO:root:300.2761786431074
INFO:root:301.2933983951807
INFO:root:302.3341030180454
INFO:root:303.3320981860161
INFO:root:304.3739494085312
INFO:root:305.5300883948803
INFO:root:306.73492926359177
INFO:root:308.0162229835987
INFO:root:309.3377622663975
INFO:root:310.44964185357094
INFO:root:311.24166525900364
INFO:root:312.1881470233202
INFO:root:313.3061514645815
INFO:root:314.41087436676025
INFO:root:315.6255737245083
INFO:root:317.0616849064827
INFO:root:318.1265433728695
INFO:root:319.1701563298702
INFO:root:320.3805134296417
INFO:root:321.4488956928253
INFO:root:322.54404163360596
INFO:root:323.62968948483467
INFO:root:324.868178576231
INFO:root:326.0973634123802
INFO:root:327.3106428384781
INFO:root:328.51453244686127
INFO:root:329.78470481932163
INFO:root:331.08807399868965
INFO:root:332.28402338922024
INFO:root:333.7527953237295
INFO:root:335.05450235307217
INFO:root:336.03025311231613
INFO:root:337.49392369389534
INFO:root:338.88818623125553
INFO:root:339.77754767239094
INFO:root:340.85137321054935
INFO:root:341.9832486510277
INFO:root:343.40004658699036
INFO:root:344.4817750453949
INFO:root:345.0395108163357
INFO:root:346.9710045903921
INFO:root:348.3797946423292
INFO:root:349.2033654153347
INFO:root:351.3668924719095
INFO:root:353.02019684016705
INFO:root:354.0535527318716
INFO:root:355.3319348245859
INFO:root:356.65961353480816
INFO:root:357.87909500300884
INFO:root:358.77426402270794
INFO:root:359.6345874816179
INFO:root:360.999149993062
INFO:root:361.98546738922596
INFO:root:362.98212999105453
INFO:root:364.33911767601967
INFO:root:365.58100785315037
INFO:root:366.96715565025806
INFO:root:368.1801819950342
INFO:root:369.1069015413523
INFO:root:370.17611342668533
INFO:root:371.154177904129
INFO:root:372.1294302344322
INFO:root:373.12785795331
INFO:root:374.56112387776375
INFO:root:375.9349325597286
INFO:root:377.4736311137676
INFO:root:378.9168967753649
INFO:root:379.82648803293705
INFO:root:381.25836430490017
INFO:root:382.451670601964
INFO:root:383.28356309235096
INFO:root:384.4309729486704
INFO:root:385.74928940832615
INFO:root:387.00710003077984
INFO:root:388.3506304472685
INFO:root:389.65449003875256
INFO:root:390.88046665489674
INFO:root:392.12496380507946
INFO:root:393.2408570498228
INFO:root:394.096025750041
INFO:root:395.0624351352453
INFO:root:396.1635290235281
INFO:root:397.40012879669666
INFO:root:398.59052117168903
INFO:root:399.74011148512363
INFO:root:401.22811998426914
INFO:root:402.3603762239218
INFO:root:403.49128137528896
INFO:root:404.93351159989834
INFO:root:406.0988518893719
INFO:root:407.23808574676514
INFO:root:408.5623804926872
INFO:root:409.63730220496655
INFO:root:410.6697177141905
INFO:root:411.8715564608574
INFO:root:413.09446182847023
INFO:root:414.4965338408947
INFO:root:415.7772378027439
INFO:root:416.9907178580761
INFO:root:418.3516840338707
INFO:root:419.68252846598625
INFO:root:420.5277850031853
INFO:root:421.5729166865349
INFO:root:422.73827570676804
INFO:root:423.8003519177437
INFO:root:424.94962054491043
INFO:root:425.8336686640978
INFO:root:426.6974138021469
INFO:root:427.81741440296173
INFO:root:429.0078696012497
INFO:root:430.1894910335541
INFO:root:431.46786442399025
INFO:root:432.66496846079826
INFO:root:433.33494597673416
INFO:root:434.6929586529732
INFO:root:436.036680996418
INFO:root:436.9565477967262
INFO:root:438.08733546733856
INFO:root:439.2619788646698
INFO:root:440.3066715300083
INFO:root:441.34109880030155
INFO:root:442.35789255797863
INFO:root:443.3404605537653
INFO:root:444.33399391174316
INFO:root:445.3810272216797
INFO:root:446.35956287384033
INFO:root:447.45613910257816
INFO:root:448.8922389894724
INFO:root:449.8565624207258
INFO:root:450.7378166168928
INFO:root:451.67918944358826
INFO:root:452.722305893898
INFO:root:453.73499523103237
INFO:root:454.84427730739117
INFO:root:456.08439649641514
INFO:root:457.4330123215914
INFO:root:458.85659904778004
INFO:root:460.1192411482334
INFO:root:460.95073714852333
INFO:root:462.2668096423149
INFO:root:463.60169200599194
INFO:root:464.53929701447487
INFO:root:465.70808920264244
INFO:root:467.22220343351364
INFO:root:468.0852146446705
INFO:root:469.0525996685028
INFO:root:470.36077374219894
INFO:root:471.56190244853497
INFO:root:472.85769660770893
INFO:root:474.17951817810535
INFO:root:475.25614662468433
INFO:root:476.2632839381695
INFO:root:477.31306916475296
INFO:root:478.310386762023
INFO:root:479.41144782304764
INFO:root:480.57234328985214
INFO:root:481.737009704113
INFO:root:483.12593898177147
INFO:root:484.5096981227398
INFO:root:485.6522140353918
INFO:root:486.8374688178301
INFO:root:487.9923621863127
INFO:root:488.86582754552364
INFO:root:489.9820404499769
INFO:root:491.138660594821
INFO:root:492.2803689688444
INFO:root:493.1287387162447
INFO:root:494.21913200616837
INFO:root:495.9562378525734
INFO:root:497.5040582716465
INFO:root:499.31811632215977
INFO:root:500.2514987587929
INFO:root:501.17762672901154
INFO:root:502.1688882559538
INFO:root:502.9165898114443
INFO:root:503.7236325442791
INFO:root:504.7050492167473
INFO:root:506.0154574215412
INFO:root:507.4080608487129
INFO:root:508.8998113870621
INFO:root:510.05336061120033
INFO:root:511.1877380311489
INFO:root:512.3990775644779
INFO:root:513.4306952059269
INFO:root:514.3070044517517
INFO:root:515.4591278135777
INFO:root:516.7356345355511
INFO:root:517.7319606542587
INFO:root:519.2893116474152
INFO:root:520.897690102458
INFO:root:522.0917842835188
INFO:root:523.2165369987488
INFO:root:524.4988875389099
INFO:root:525.5228637456894
INFO:root:526.542774438858
INFO:root:527.7845942974091
INFO:root:528.9991883188486
INFO:root:530.2472769021988
INFO:root:531.7999560683966
INFO:root:533.0938585549593
INFO:root:534.3281155079603
INFO:root:535.5188918858767
INFO:root:536.608882561326
INFO:root:537.8573990613222
INFO:root:538.9664597213268
INFO:root:540.0662069916725
INFO:root:541.35733756423
INFO:root:542.5259078592062
INFO:root:543.8524910062551
INFO:root:545.0638724863529
INFO:root:545.9949546456337
INFO:root:547.2860169708729
INFO:root:548.6280153244734
INFO:root:550.0703811198473
INFO:root:550.9981618374586
INFO:root:552.1307203024626
INFO:root:553.5386465489864
INFO:root:554.6763136684895
INFO:root:555.8698159903288
INFO:root:557.0638658553362
INFO:root:558.4258309751749
INFO:root:559.1497551351786
INFO:root:560.0539024919271
INFO:root:561.4758720248938
INFO:root:562.5718907564878
INFO:root:563.5843542069197
INFO:root:564.6906769126654
INFO:root:566.3648478835821
INFO:root:567.212488219142
INFO:root:567.9626067131758
INFO:root:569.0998716503382
INFO:root:570.2918482869864
INFO:root:571.4263365119696
INFO:root:572.4791001975536
INFO:root:573.6981188207865
INFO:root:574.813361659646
INFO:root:575.8616979122162
INFO:root:576.9925628304482
INFO:root:577.9905838370323
INFO:root:579.4046825170517
INFO:root:580.7862372100353
INFO:root:581.5785878300667
INFO:root:582.6217451989651
INFO:root:583.7783291041851
INFO:root:584.766494140029
INFO:root:585.8441012948751
INFO:root:587.0120545476675
INFO:root:588.126012429595
INFO:root:589.2089798897505
INFO:root:590.2556442469358
INFO:root:591.5337843447924
INFO:root:592.6759439557791
INFO:root:593.6672247797251
INFO:root:594.7696265131235
INFO:root:595.7765287309885
INFO:root:596.9660683572292
INFO:root:598.1513449400663
INFO:root:599.226268813014
INFO:root:600.2740432173014
INFO:root:601.3243455439806
INFO:root:602.4856294542551
INFO:root:603.88177742064
INFO:root:605.1378914862871
INFO:root:605.7011673897505
INFO:root:606.5592893213034
INFO:root:607.6643761992455
INFO:root:608.5769436359406
INFO:root:609.8014404475689
INFO:root:611.1363237947226
INFO:root:612.336448892951
INFO:root:613.4802172034979
INFO:root:614.6484530121088
INFO:root:615.6258735507727
INFO:root:616.7299675643444
INFO:root:617.9133021533489
INFO:root:619.0912389457226
INFO:root:620.3275627344847
INFO:root:621.5937174707651
INFO:root:622.840409591794
INFO:root:624.1141569912434
INFO:root:625.3610481321812
INFO:root:626.4912585169077
INFO:root:627.7985651046038
INFO:root:628.8223598599434
INFO:root:630.0159321427345
INFO:root:631.2975110262632
INFO:root:632.5906014591455
INFO:root:633.8376714736223
INFO:root:635.1249109655619
INFO:root:636.3798320740461
INFO:root:637.7178972810507
INFO:root:639.1481317281723
INFO:root:639.4991017282009
INFO:root:640.4607866108418
INFO:root:641.5287941098213
INFO:root:642.5786297619343
INFO:root:643.5753603130579
INFO:root:645.1785725206137
INFO:root:646.9090401977301
INFO:root:648.3837219029665
INFO:root:649.8873531669378
INFO:root:651.176854968071
INFO:root:652.2957108914852
INFO:root:653.4989909827709
INFO:root:654.4829657524824
INFO:root:655.4482185691595
INFO:root:656.5429033190012
INFO:root:657.7669770121574
INFO:root:659.0154760181904
INFO:root:660.3257420510054
INFO:root:661.9458976238966
INFO:root:662.9515405148268
INFO:root:664.1064582914114
INFO:root:665.5603858977556
INFO:root:666.6500883847475
INFO:root:667.7421315908432
INFO:root:668.9325221776962
INFO:root:670.1048164069653
INFO:root:671.3015665113926
INFO:root:672.4435328543186
INFO:root:673.5682081282139
INFO:root:674.844307154417
INFO:root:676.0460867732763
INFO:root:676.912127956748
INFO:root:678.4886782467365
INFO:root:679.703170761466
INFO:root:680.8043551295996
INFO:root:682.3668328076601
INFO:root:683.7084187120199
INFO:root:684.8424669653177
INFO:root:686.2432259470224
INFO:root:687.4794912487268
INFO:root:688.5760086923838
INFO:root:689.5042806267738
INFO:root:690.4150755703449
INFO:root:691.3710824549198
INFO:root:692.3677140772343
INFO:root:693.4631719887257
INFO:root:IMU: 'int' object is not iterable
INFO:root:BRICKPIINTERFACE: Starting thermal sensor thread
INFO:root:BRICKPIINTERFACE: Starting thermal sensor thread
INFO:root:0.006784304976463318
INFO:root:0.012251809239387512
INFO:root:0.013976827263832092
INFO:root:0.007052674889564514
INFO:root:-0.006739690899848938
INFO:root:-0.02520880103111267
INFO:root:-0.03753677010536194
INFO:root:-0.05019143223762512
INFO:root:-0.043673306703567505
INFO:root:-0.032367557287216187
INFO:root:-0.015075355768203735
INFO:root:-0.012665703892707825
INFO:root:-0.014418080449104309
INFO:root:-0.023935183882713318
INFO:root:-0.014691248536109924
INFO:root:-0.010002374649047852
INFO:root:-0.014611750841140747
INFO:root:-0.018912747502326965
INFO:root:-0.012693271040916443
INFO:root:0.034194692969322205
INFO:root:0.047429159283638
INFO:root:0.04112561047077179
INFO:root:0.06010441482067108
INFO:root:0.0986327975988388
INFO:root:0.136200949549675
INFO:root:0.14835305511951447
INFO:root:0.13197755813598633
INFO:root:0.11848029494285583
INFO:root:0.13450321555137634
INFO:root:0.11981090903282166
INFO:root:0.08076402544975281
INFO:root:0.057080790400505066
INFO:root:0.057080790400505066
INFO:root:0.08140520751476288
INFO:root:0.05481201410293579
INFO:root:-0.04454788565635681
INFO:root:-0.12626759707927704
INFO:root:-0.14287053048610687
INFO:root:-0.09943349659442902
INFO:root:-0.13758023083209991
INFO:root:-0.16177524626255035
INFO:root:-0.17702864110469818
INFO:root:-0.10986734926700592
INFO:root:-0.06226913630962372
INFO:root:-0.05961915850639343
INFO:root:-0.04729458689689636
INFO:root:-0.014098778367042542
INFO:root:0.033718302845954895
INFO:root:0.13791753351688385
INFO:root:0.2886499762535095
INFO:root:0.45886367559432983
INFO:root:0.6502910554409027
INFO:root:0.8654965162277222
INFO:root:1.0532758235931396
INFO:root:1.2585909068584442
INFO:root:1.401834949851036
INFO:root:1.516972839832306
INFO:root:1.631083220243454
INFO:root:1.7196549475193024
INFO:root:1.8142907917499542
INFO:root:1.8479717820882797
INFO:root:1.8479717820882797
INFO:root:1.845342367887497
INFO:root:1.86794775724411
INFO:root:BRICKPIINTERFACE: Starting thermal sensor thread
INFO:root:0.0009702295064926147
INFO:root:0.0009702295064926147
INFO:root:-0.0009208172559738159
INFO:root:-0.004333421587944031
INFO:root:-0.014758452773094177
INFO:root:0.02198357880115509
INFO:root:0.13064321875572205
INFO:root:0.36303092539310455
INFO:root:0.6427267640829086
INFO:root:1.3852534145116806
INFO:root:2.2432931810617447
INFO:root:2.837858274579048
INFO:root:3.478161543607712
INFO:root:3.990773618221283
INFO:root:4.678598001599312
INFO:root:5.590085491538048
INFO:root:6.420572564005852
INFO:root:7.431510776281357
INFO:root:8.069091707468033
INFO:root:8.482767015695572
INFO:root:9.209195673465729
INFO:root:9.868875682353973
INFO:root:10.913030296564102
INFO:root:12.018465667963028
INFO:root:13.23512464761734
INFO:root:14.31363046169281
INFO:root:14.90565550327301
INFO:root:15.557847321033478
INFO:root:16.60810822248459
INFO:root:17.63273361325264
INFO:root:18.322674617171288
INFO:root:19.17987111210823
INFO:root:20.333375349640846
INFO:root:21.453629702329636
INFO:root:22.05386719107628
INFO:root:22.785796731710434
INFO:root:23.841241419315338
INFO:root:24.998375818133354
INFO:root:25.947948917746544
INFO:root:26.91749669611454
INFO:root:27.820589184761047
INFO:root:28.68756912648678
INFO:root:29.521685168147087
INFO:root:30.335092470049858
INFO:root:31.35679830610752
INFO:root:32.22857923805714
INFO:root:33.11738522350788
INFO:root:34.07841230928898
INFO:root:35.213237568736076
INFO:root:36.086526811122894
INFO:root:36.79531313478947
INFO:root:37.677392199635506
INFO:root:38.59840615093708
INFO:root:39.50040654838085
INFO:root:40.56861333549023
INFO:root:41.35191576182842
INFO:root:42.30450518429279
INFO:root:43.27709889411926
INFO:root:44.17955896258354
INFO:root:44.949275478720665
INFO:root:46.50521241128445
INFO:root:47.426826134324074
INFO:root:48.31423297524452
INFO:root:49.30390082299709
INFO:root:50.310869589447975
INFO:root:51.068458050489426
INFO:root:51.82213307917118
INFO:root:COLOUR: get_sensor error: Invalid sensor data
INFO:root:BRICKPIINTERFACE: Exiting the Thermal Sensor Thread
INFO:root:Exiting
